<?xml version="1.0" encoding="UTF-8" ?>
<testsuite failures="0" time="2.847" errors="0" skipped="0" tests="1" name="com.brickhousetechnologies.ratingengine.RatingEngineTest">
  <properties>
    <property name="java.runtime.name" value="Java(TM) SE Runtime Environment"/>
    <property name="sun.boot.library.path" value="C:\Program Files\Java\jdk1.6.0_27\jre\bin"/>
    <property name="java.vm.version" value="20.2-b06"/>
    <property name="java.vm.vendor" value="Sun Microsystems Inc."/>
    <property name="java.vendor.url" value="http://java.sun.com/"/>
    <property name="path.separator" value=";"/>
    <property name="java.vm.name" value="Java HotSpot(TM) 64-Bit Server VM"/>
    <property name="file.encoding.pkg" value="sun.io"/>
    <property name="user.country" value="US"/>
    <property name="sun.java.launcher" value="SUN_STANDARD"/>
    <property name="sun.os.patch.level" value="Service Pack 1"/>
    <property name="java.vm.specification.name" value="Java Virtual Machine Specification"/>
    <property name="user.dir" value="C:\Users\wshellington\workspace\RatingEngine"/>
    <property name="java.runtime.version" value="1.6.0_27-b07"/>
    <property name="java.awt.graphicsenv" value="sun.awt.Win32GraphicsEnvironment"/>
    <property name="basedir" value="C:\Users\wshellington\workspace\RatingEngine"/>
    <property name="java.endorsed.dirs" value="C:\Program Files\Java\jdk1.6.0_27\jre\lib\endorsed"/>
    <property name="os.arch" value="amd64"/>
    <property name="surefire.real.class.path" value="C:\Users\wshellington\workspace\RatingEngine\target\surefire\surefirebooter4703821411454198554.jar"/>
    <property name="java.io.tmpdir" value="C:\Users\WSHELL~1\AppData\Local\Temp\"/>
    <property name="line.separator" value="
"/>
    <property name="java.vm.specification.vendor" value="Sun Microsystems Inc."/>
    <property name="user.variant" value=""/>
    <property name="os.name" value="Windows 7"/>
    <property name="sun.jnu.encoding" value="Cp1252"/>
    <property name="java.library.path" value="C:\Program Files\Java\jdk1.6.0_27\jre\bin;C:\Windows\Sun\Java\bin;C:\Windows\system32;C:\Windows;%MS_HOME%\bin;%CommonProgramFiles%\Microsoft Shared\Windows Live;C:\Windows\system32;C:\Windows;C:\Windows\System32\Wbem;C:\Windows\System32\WindowsPowerShell\v1.0\;c:\Program Files\Hewlett-Packard\Drive Encryption\;C:\Program Files\MySQL\MySQL Server 5.1\bin;C:\code\apache-maven-3.0.3-bin\apache-maven-3.0.3\bin;C:\Program Files (x86)\Google\google_appengine\;."/>
    <property name="surefire.test.class.path" value="C:\Users\wshellington\workspace\RatingEngine\target\test-classes;C:\Users\wshellington\workspace\RatingEngine\target\classes;C:\Users\wshellington\.m2\repository\org\hibernate\hibernate-core\3.6.7.Final\hibernate-core-3.6.7.Final.jar;C:\Users\wshellington\.m2\repository\org\hibernate\hibernate-commons-annotations\3.2.0.Final\hibernate-commons-annotations-3.2.0.Final.jar;C:\Users\wshellington\.m2\repository\mysql\mysql-connector-java\5.1.17\mysql-connector-java-5.1.17.jar;C:\Users\wshellington\.m2\repository\org\slf4j\slf4j-simple\1.6.1\slf4j-simple-1.6.1.jar;C:\Users\wshellington\.m2\repository\antlr\antlr\2.7.6\antlr-2.7.6.jar;C:\Users\wshellington\.m2\repository\commons-collections\commons-collections\3.2.1\commons-collections-3.2.1.jar;C:\Users\wshellington\.m2\repository\dom4j\dom4j\1.6.1\dom4j-1.6.1.jar;C:\Users\wshellington\.m2\repository\xml-apis\xml-apis\1.0.b2\xml-apis-1.0.b2.jar;C:\Users\wshellington\.m2\repository\javassist\javassist\3.12.0.GA\javassist-3.12.0.GA.jar;C:\Users\wshellington\.m2\repository\javax\transaction\jta\1.1\jta-1.1.jar;C:\Users\wshellington\.m2\repository\org\slf4j\slf4j-api\1.6.1\slf4j-api-1.6.1.jar;C:\Users\wshellington\.m2\repository\org\hibernate\javax\persistence\hibernate-jpa-2.0-api\1.0.1.Final\hibernate-jpa-2.0-api-1.0.1.Final.jar;C:\Users\wshellington\.m2\repository\junit\junit\4.9\junit-4.9.jar;C:\Users\wshellington\.m2\repository\org\hamcrest\hamcrest-core\1.1\hamcrest-core-1.1.jar;"/>
    <property name="java.specification.name" value="Java Platform API Specification"/>
    <property name="java.class.version" value="50.0"/>
    <property name="sun.management.compiler" value="HotSpot 64-Bit Tiered Compilers"/>
    <property name="os.version" value="6.1"/>
    <property name="user.home" value="C:\Users\wshellington"/>
    <property name="user.timezone" value="America/New_York"/>
    <property name="java.awt.printerjob" value="sun.awt.windows.WPrinterJob"/>
    <property name="java.specification.version" value="1.6"/>
    <property name="file.encoding" value="Cp1252"/>
    <property name="user.name" value="wshellington"/>
    <property name="java.class.path" value="C:\Users\wshellington\workspace\RatingEngine\target\test-classes;C:\Users\wshellington\workspace\RatingEngine\target\classes;C:\Users\wshellington\.m2\repository\org\hibernate\hibernate-core\3.6.7.Final\hibernate-core-3.6.7.Final.jar;C:\Users\wshellington\.m2\repository\org\hibernate\hibernate-commons-annotations\3.2.0.Final\hibernate-commons-annotations-3.2.0.Final.jar;C:\Users\wshellington\.m2\repository\mysql\mysql-connector-java\5.1.17\mysql-connector-java-5.1.17.jar;C:\Users\wshellington\.m2\repository\org\slf4j\slf4j-simple\1.6.1\slf4j-simple-1.6.1.jar;C:\Users\wshellington\.m2\repository\antlr\antlr\2.7.6\antlr-2.7.6.jar;C:\Users\wshellington\.m2\repository\commons-collections\commons-collections\3.2.1\commons-collections-3.2.1.jar;C:\Users\wshellington\.m2\repository\dom4j\dom4j\1.6.1\dom4j-1.6.1.jar;C:\Users\wshellington\.m2\repository\xml-apis\xml-apis\1.0.b2\xml-apis-1.0.b2.jar;C:\Users\wshellington\.m2\repository\javassist\javassist\3.12.0.GA\javassist-3.12.0.GA.jar;C:\Users\wshellington\.m2\repository\javax\transaction\jta\1.1\jta-1.1.jar;C:\Users\wshellington\.m2\repository\org\slf4j\slf4j-api\1.6.1\slf4j-api-1.6.1.jar;C:\Users\wshellington\.m2\repository\org\hibernate\javax\persistence\hibernate-jpa-2.0-api\1.0.1.Final\hibernate-jpa-2.0-api-1.0.1.Final.jar;C:\Users\wshellington\.m2\repository\junit\junit\4.9\junit-4.9.jar;C:\Users\wshellington\.m2\repository\org\hamcrest\hamcrest-core\1.1\hamcrest-core-1.1.jar;"/>
    <property name="java.vm.specification.version" value="1.0"/>
    <property name="sun.arch.data.model" value="64"/>
    <property name="java.home" value="C:\Program Files\Java\jdk1.6.0_27\jre"/>
    <property name="sun.java.command" value="C:\Users\wshellington\workspace\RatingEngine\target\surefire\surefirebooter4703821411454198554.jar C:\Users\wshellington\workspace\RatingEngine\target\surefire\surefire1031741114944601489tmp C:\Users\wshellington\workspace\RatingEngine\target\surefire\surefire7854108708435900339tmp"/>
    <property name="java.specification.vendor" value="Sun Microsystems Inc."/>
    <property name="user.language" value="en"/>
    <property name="awt.toolkit" value="sun.awt.windows.WToolkit"/>
    <property name="java.vm.info" value="mixed mode"/>
    <property name="java.version" value="1.6.0_27"/>
    <property name="java.ext.dirs" value="C:\Program Files\Java\jdk1.6.0_27\jre\lib\ext;C:\Windows\Sun\Java\lib\ext"/>
    <property name="sun.boot.class.path" value="C:\Program Files\Java\jdk1.6.0_27\jre\lib\resources.jar;C:\Program Files\Java\jdk1.6.0_27\jre\lib\rt.jar;C:\Program Files\Java\jdk1.6.0_27\jre\lib\sunrsasign.jar;C:\Program Files\Java\jdk1.6.0_27\jre\lib\jsse.jar;C:\Program Files\Java\jdk1.6.0_27\jre\lib\jce.jar;C:\Program Files\Java\jdk1.6.0_27\jre\lib\charsets.jar;C:\Program Files\Java\jdk1.6.0_27\jre\lib\modules\jdk.boot.jar;C:\Program Files\Java\jdk1.6.0_27\jre\classes"/>
    <property name="java.vendor" value="Sun Microsystems Inc."/>
    <property name="localRepository" value="C:\Users\wshellington\.m2\repository"/>
    <property name="file.separator" value="\"/>
    <property name="java.vendor.url.bug" value="http://java.sun.com/cgi-bin/bugreport.cgi"/>
    <property name="sun.cpu.endian" value="little"/>
    <property name="sun.io.unicode.encoding" value="UnicodeLittle"/>
    <property name="sun.desktop" value="windows"/>
    <property name="sun.cpu.isalist" value="amd64"/>
  </properties>
  <testcase time="2.799" classname="com.brickhousetechnologies.ratingengine.RatingEngineTest" name="test"/>
</testsuite>